<?xml version="1.0" encoding="UTF-8"?>
<mule xmlns="http://www.mulesoft.org/schema/mule/core" xmlns:xsi="http://www.w3.org/2001/XMLSchema-instance"
    xsi:schemaLocation="http://www.mulesoft.org/schema/mule/core http://www.mulesoft.org/schema/mule/core/current/mule.xsd">

    <flow name="echo">
        <echo-component />
    </flow>

    <flow name="aFlow">
        <echo-component />
    </flow>

    <flow name="bFlow">
        <echo-component />
    </flow>

    <flow name="createLeague">
        <logger />
    </flow>

    <flow name="retrieveLeague">
        <set-payload value="Liga BBVA"/>
    </flow>

    <flow name="updateLeague">
        <logger />
    </flow>

    <flow name="existsLeague">
        <logger />
    </flow>

    <flow name="retrieveLeagues">
        <set-payload value="Liga BBVA, Premier League"/>
    </flow>

    <flow name="retrieveLeagueAssociation">
        <set-payload value="Royal Spanish Football Association"/>
    </flow>

    <flow name="updateLeagueAssociation">
        <logger/>
    </flow>

</mule>
